Sun Apr 20 10:25:59 UTC 2025
Sun Apr 20 13:14:51 UTC 2025
Mon Apr 21 13:33:37 UTC 2025
Tue Apr 22 13:35:50 UTC 2025
Wed Apr 23 13:36:34 UTC 2025
Thu Apr 24 13:37:05 UTC 2025
Fri Apr 25 13:34:16 UTC 2025
Sat Apr 26 13:04:28 UTC 2025
Sun Apr 27 13:05:03 UTC 2025
Mon Apr 28 13:50:34 UTC 2025
Tue Apr 29 13:44:37 UTC 2025
Wed Apr 30 13:36:03 UTC 2025
Thu May  1 13:33:25 UTC 2025
Fri May  2 13:34:43 UTC 2025
Sat May  3 13:13:50 UTC 2025
Sun May  4 13:14:36 UTC 2025
Mon May  5 13:36:45 UTC 2025
Tue May  6 13:41:57 UTC 2025
Wed May  7 13:43:12 UTC 2025
Thu May  8 13:35:35 UTC 2025
Fri May  9 13:36:04 UTC 2025
Sat May 10 13:14:09 UTC 2025
Sun May 11 13:14:28 UTC 2025
Mon May 12 13:42:39 UTC 2025
Tue May 13 13:43:26 UTC 2025
Wed May 14 13:38:19 UTC 2025
Thu May 15 13:37:33 UTC 2025
Fri May 16 13:37:18 UTC 2025
Sat May 17 13:14:46 UTC 2025
Sun May 18 13:15:33 UTC 2025
Mon May 19 13:42:33 UTC 2025
Tue May 20 13:43:10 UTC 2025
Wed May 21 12:51:47 UTC 2025
Thu May 22 12:51:45 UTC 2025
Fri May 23 12:49:52 UTC 2025
Sat May 24 12:44:49 UTC 2025
Sun May 25 12:45:55 UTC 2025
Mon May 26 12:49:37 UTC 2025
Tue May 27 12:52:25 UTC 2025
Wed May 28 12:51:56 UTC 2025
Thu May 29 12:50:41 UTC 2025
Fri May 30 12:51:03 UTC 2025
Sat May 31 12:46:25 UTC 2025
Sun Jun  1 12:47:45 UTC 2025
Mon Jun  2 12:52:09 UTC 2025
Tue Jun  3 12:52:50 UTC 2025
Wed Jun  4 12:52:57 UTC 2025
Thu Jun  5 12:52:05 UTC 2025
Fri Jun  6 12:50:36 UTC 2025
Sat Jun  7 12:46:39 UTC 2025
Sun Jun  8 12:46:52 UTC 2025
Mon Jun  9 12:52:12 UTC 2025
Tue Jun 10 12:52:51 UTC 2025
Wed Jun 11 12:52:41 UTC 2025
Thu Jun 12 12:52:06 UTC 2025
Fri Jun 13 12:51:26 UTC 2025
Sat Jun 14 12:46:46 UTC 2025
Sun Jun 15 12:47:48 UTC 2025
Mon Jun 16 12:53:34 UTC 2025
Tue Jun 17 12:53:08 UTC 2025
Wed Jun 18 12:53:12 UTC 2025
Thu Jun 19 12:52:08 UTC 2025
Fri Jun 20 12:51:45 UTC 2025
Sat Jun 21 12:47:37 UTC 2025
Sun Jun 22 12:47:22 UTC 2025
Mon Jun 23 12:53:54 UTC 2025
Tue Jun 24 12:53:20 UTC 2025
Wed Jun 25 12:53:58 UTC 2025
Thu Jun 26 12:53:25 UTC 2025
Fri Jun 27 12:51:49 UTC 2025
Sat Jun 28 12:47:51 UTC 2025
Sun Jun 29 12:48:39 UTC 2025
Mon Jun 30 12:53:08 UTC 2025
Tue Jul  1 12:53:16 UTC 2025
Wed Jul  2 12:52:40 UTC 2025
Thu Jul  3 12:51:11 UTC 2025
Fri Jul  4 12:51:44 UTC 2025
Sat Jul  5 12:48:01 UTC 2025
Sun Jul  6 12:48:40 UTC 2025
Mon Jul  7 12:53:30 UTC 2025
Tue Jul  8 12:53:30 UTC 2025
Wed Jul  9 12:53:32 UTC 2025
Thu Jul 10 12:54:08 UTC 2025
Fri Jul 11 12:52:45 UTC 2025
Sat Jul 12 12:49:13 UTC 2025
Sun Jul 13 12:49:50 UTC 2025
Mon Jul 14 12:54:52 UTC 2025
Tue Jul 15 12:55:20 UTC 2025
Wed Jul 16 12:55:50 UTC 2025
Thu Jul 17 12:55:14 UTC 2025
Fri Jul 18 12:56:15 UTC 2025
Sat Jul 19 12:50:34 UTC 2025
Sun Jul 20 12:50:59 UTC 2025
Mon Jul 21 12:56:35 UTC 2025
Tue Jul 22 12:56:43 UTC 2025
Wed Jul 23 12:56:57 UTC 2025
Thu Jul 24 12:56:25 UTC 2025
Fri Jul 25 12:55:13 UTC 2025
Sat Jul 26 12:51:11 UTC 2025
Sun Jul 27 12:52:23 UTC 2025
Mon Jul 28 12:57:45 UTC 2025
Tue Jul 29 12:58:17 UTC 2025
Wed Jul 30 12:57:59 UTC 2025
Thu Jul 31 12:56:33 UTC 2025
Fri Aug  1 12:57:06 UTC 2025
Sat Aug  2 12:51:52 UTC 2025
Sun Aug  3 12:54:47 UTC 2025
Mon Aug  4 12:59:06 UTC 2025
Tue Aug  5 12:59:13 UTC 2025
Wed Aug  6 12:59:03 UTC 2025
Thu Aug  7 12:58:32 UTC 2025
Fri Aug  8 12:57:20 UTC 2025
Sat Aug  9 12:51:01 UTC 2025
Sun Aug 10 12:51:34 UTC 2025
Mon Aug 11 12:56:42 UTC 2025
Tue Aug 12 12:53:54 UTC 2025
Wed Aug 13 12:54:52 UTC 2025
Thu Aug 14 12:55:35 UTC 2025
Fri Aug 15 12:51:33 UTC 2025
Sat Aug 16 12:49:16 UTC 2025
Sun Aug 17 12:49:56 UTC 2025
Mon Aug 18 12:55:46 UTC 2025
Tue Aug 19 12:49:57 UTC 2025
Wed Aug 20 12:51:53 UTC 2025
Thu Aug 21 12:51:17 UTC 2025
Fri Aug 22 12:50:07 UTC 2025
Sat Aug 23 12:46:07 UTC 2025
Sun Aug 24 12:46:52 UTC 2025
Mon Aug 25 12:52:35 UTC 2025
Tue Aug 26 12:53:55 UTC 2025
Wed Aug 27 12:50:13 UTC 2025
Thu Aug 28 12:50:14 UTC 2025
Fri Aug 29 12:49:12 UTC 2025
Sat Aug 30 12:43:47 UTC 2025
Sun Aug 31 12:44:36 UTC 2025
Mon Sep  1 12:51:49 UTC 2025
Tue Sep  2 12:51:28 UTC 2025
Wed Sep  3 12:49:00 UTC 2025
Thu Sep  4 12:47:20 UTC 2025
Fri Sep  5 12:48:12 UTC 2025
Sat Sep  6 12:41:28 UTC 2025
Sun Sep  7 12:42:22 UTC 2025
Mon Sep  8 12:51:58 UTC 2025
Tue Sep  9 12:52:25 UTC 2025
Wed Sep 10 12:49:12 UTC 2025
Thu Sep 11 12:48:19 UTC 2025
Fri Sep 12 12:46:43 UTC 2025
Sat Sep 13 12:41:59 UTC 2025
Sun Sep 14 12:41:37 UTC 2025
Mon Sep 15 12:50:45 UTC 2025
Tue Sep 16 12:50:06 UTC 2025
Wed Sep 17 12:50:30 UTC 2025
Thu Sep 18 12:49:10 UTC 2025
Fri Sep 19 12:49:42 UTC 2025
Sat Sep 20 12:44:25 UTC 2025
Sun Sep 21 12:43:34 UTC 2025
Mon Sep 22 12:51:00 UTC 2025
Tue Sep 23 12:49:38 UTC 2025
Wed Sep 24 12:50:16 UTC 2025
Thu Sep 25 12:51:40 UTC 2025
Fri Sep 26 12:50:03 UTC 2025
Sat Sep 27 12:43:02 UTC 2025
Sun Sep 28 12:43:56 UTC 2025
Mon Sep 29 12:52:34 UTC 2025
Tue Sep 30 12:52:36 UTC 2025
Wed Oct  1 12:52:11 UTC 2025
Thu Oct  2 12:48:30 UTC 2025
Fri Oct  3 12:48:17 UTC 2025
Sat Oct  4 12:42:43 UTC 2025
